\BOOKMARK [1][-]{section.1}{\376\377\176\352\213\272}{}% 1
\BOOKMARK [2][-]{subsection.1.1}{\376\377\220\011\230\230\166\204\200\314\146\157\123\312\141\017\116\111}{section.1}% 2
\BOOKMARK [3][-]{subsubsection.1.1.1}{\376\377\220\011\230\230\166\204\200\314\146\157}{subsection.1.1}% 3
\BOOKMARK [3][-]{subsubsection.1.1.2}{\376\377\220\011\230\230\166\204\141\017\116\111}{subsection.1.1}% 4
\BOOKMARK [2][-]{subsection.1.2}{\376\377\126\375\121\205\131\026\123\321\134\125\162\266\121\265\123\312\121\166\170\024\172\166\145\271\124\021}{section.1}% 5
\BOOKMARK [2][-]{subsection.1.3}{\376\377\147\054\213\376\230\230\166\204\170\024\172\166\151\202\121\265}{section.1}% 6
\BOOKMARK [3][-]{subsubsection.1.3.1}{\376\377\170\024\172\166\121\205\133\271}{subsection.1.3}% 7
\BOOKMARK [3][-]{subsubsection.1.3.2}{\376\377\170\024\172\166\221\315\160\271\123\312\226\276\160\271}{subsection.1.3}% 8
\BOOKMARK [2][-]{subsection.1.4}{\376\377\213\272\145\207\166\204\176\323\147\204\123\312\121\205\133\271\133\211\143\222}{section.1}% 9
\BOOKMARK [1][-]{section.2}{\376\377\166\370\121\163\142\200\147\057\151\202\217\360}{}% 10
\BOOKMARK [2][-]{subsection.2.1}{\376\377\145\160\143\156\143\026\143\230\151\202\217\360}{section.2}% 11
\BOOKMARK [2][-]{subsection.2.2}{\376\377\200\132\174\173\166\204\127\372\147\054\167\345\213\306}{section.2}% 12
\BOOKMARK [3][-]{subsubsection.2.2.1}{\376\377\200\132\174\173\145\271\154\325\143\317\217\360}{subsection.2.2}% 13
\BOOKMARK [3][-]{subsubsection.2.2.2}{\376\377\136\070\165\050\166\204\200\132\174\173\122\006\147\220\145\271\154\325}{subsection.2.2}% 14
\BOOKMARK [2][-]{subsection.2.3}{\376\377\166\370\121\163\135\345\121\167\123\312\142\200\147\057}{section.2}% 15
\BOOKMARK [3][-]{subsubsection.2.3.1}{\376\377\000A\000n\000a\000c\000o\000n\000d\000a}{subsection.2.3}% 16
\BOOKMARK [3][-]{subsubsection.2.3.2}{\376\377\000P\000y\000t\000h\000o\000n\000\040\000s\000k\000l\000e\000a\000r\000n}{subsection.2.3}% 17
\BOOKMARK [2][-]{subsection.2.4}{\376\377\147\054\172\340\134\017\176\323}{section.2}% 18
\BOOKMARK [1][-]{section.3}{\376\377\000K\000D\000D\0009\0009\145\160\143\156\226\306\131\004\164\006}{}% 19
\BOOKMARK [2][-]{subsection.3.1}{\376\377\000K\000D\000D\0009\0009\145\160\143\156\226\306\173\200\116\313}{section.3}% 20
\BOOKMARK [2][-]{subsection.3.2}{\376\377\145\160\143\156\230\204\131\004\164\006}{section.3}% 21
\BOOKMARK [3][-]{subsubsection.3.2.1}{\376\377\211\302\133\337\145\160\143\156}{subsection.3.2}% 22
\BOOKMARK [3][-]{subsubsection.3.2.2}{\376\377\171\273\145\143\127\213\145\160\143\156\230\204\131\004\164\006}{subsection.3.2}% 23
\BOOKMARK [3][-]{subsubsection.3.2.3}{\376\377\217\336\176\355\127\213\145\160\143\156\230\204\131\004\164\006}{subsection.3.2}% 24
\BOOKMARK [3][-]{subsubsection.3.2.4}{\376\377\162\171\137\201\226\115\176\364}{subsection.3.2}% 25
\BOOKMARK [2][-]{subsection.3.3}{\376\377\147\054\172\340\134\017\176\323}{section.3}% 26
