This is pdfTeX, Version 3.14159265-2.6-1.40.20 (TeX Live 2019/W32TeX) (preloaded format=pdflatex 2019.5.7)  12 MAY 2019 21:34
entering extended mode
 restricted \write18 enabled.
 %&-line parsing enabled.
**cnabstract.tex
(./cnabstract.tex
LaTeX2e <2018-12-01>
! Undefined control sequence.
<argument> \bf 
               \zihao {-3}{æ‘˜\ \ è¦}
l.5 \centerline{\bf\zihao{-3}{æ‘˜\ \ è¦}}
                                          
The control sequence at the end of the top line
of your error message was never \def'ed. If you have
misspelled it (e.g., `\hobx'), type `I' and the correct
spelling (e.g., `I\hbox'). Otherwise just continue,
and I'll forget about whatever was undefined.

! Undefined control sequence.
<argument> \bf \zihao 
                      {-3}{æ‘˜\ \ è¦}
l.5 \centerline{\bf\zihao{-3}{æ‘˜\ \ è¦}}
                                          
The control sequence at the end of the top line
of your error message was never \def'ed. If you have
misspelled it (e.g., `\hobx'), type `I' and the correct
spelling (e.g., `I\hbox'). Otherwise just continue,
and I'll forget about whatever was undefined.

Missing character: There is no - in font nullfont!
Missing character: There is no 3 in font nullfont!

! Package inputenc Error: Unicode character æ‘˜ (U+6458)
(inputenc)                not set up for use with LaTeX.

See the inputenc package documentation for explanation.
Type  H <return>  for immediate help.
 ...                                              
                                                  
l.5 \centerline{\bf\zihao{-3}{æ‘˜\ \ è¦}}
                                          
You may provide a definition with
\DeclareUnicodeCharacter 


! Package inputenc Error: Unicode character è¦ (U+8981)
(inputenc)                not set up for use with LaTeX.

See the inputenc package documentation for explanation.
Type  H <return>  for immediate help.
 ...                                              
                                                  
l.5 \centerline{\bf\zihao{-3}{æ‘˜\ \ è¦}}
                                          
You may provide a definition with
\DeclareUnicodeCharacter 


! Package inputenc Error: Unicode character å›› (U+56DB)
(inputenc)                not set up for use with LaTeX.

See the inputenc package documentation for explanation.
Type  H <return>  for immediate help.
 ...                                              
                                                  
l.10 å››
        å…ƒæ•°ä½œä¸ºä¸€ç§æ•°å­¦æ•°å­¦æ–¹æ³•åœ¨å¤„ç†ä¸‰ç»´ï¼Œå››ç»´æ•°æ®æ–...

You may provide a definition with
\DeclareUnicodeCharacter 


! Package inputenc Error: Unicode character å…ƒ (U+5143)
(inputenc)                not set up for use with LaTeX.

See the inputenc package documentation for explanation.
Type  H <return>  for immediate help.
 ...                                              
                                                  
l.10 å››å…ƒ
           æ•°ä½œä¸ºä¸€ç§æ•°å­¦æ•°å­¦æ–¹æ³•åœ¨å¤„ç†ä¸‰ç»´ï¼Œå››ç»´æ•°æ®æ–...

You may provide a definition with
\DeclareUnicodeCharacter 


! Package inputenc Error: Unicode character æ•° (U+6570)
(inputenc)                not set up for use with LaTeX.

See the inputenc package documentation for explanation.
Type  H <return>  for immediate help.
 ...                                              
                                                  
l.10 å››å…ƒæ•°
              ä½œä¸ºä¸€ç§æ•°å­¦æ•°å­¦æ–¹æ³•åœ¨å¤„ç†ä¸‰ç»´ï¼Œå››ç»´æ•°æ®æ–...

You may provide a definition with
\DeclareUnicodeCharacter 


! Package inputenc Error: Unicode character ä½œ (U+4F5C)
(inputenc)                not set up for use with LaTeX.

See the inputenc package documentation for explanation.
Type  H <return>  for immediate help.
 ...                                              
                                                  
l.10 å››å…ƒæ•°ä½œ
                 ä¸ºä¸€ç§æ•°å­¦æ•°å­¦æ–¹æ³•åœ¨å¤„ç†ä¸‰ç»´ï¼Œå››ç»´æ•°æ®æ–...

You may provide a definition with
\DeclareUnicodeCharacter 


! Package inputenc Error: Unicode character ä¸º (U+4E3A)
(inputenc)                not set up for use with LaTeX.

See the inputenc package documentation for explanation.
Type  H <return>  for immediate help.
 ...                                              
                                                  
l.10 å››å…ƒæ•°ä½œä¸º
                    ä¸€ç§æ•°å­¦æ•°å­¦æ–¹æ³•åœ¨å¤„ç†ä¸‰ç»´ï¼Œå››ç»´æ•°æ®æ–...

You may provide a definition with
\DeclareUnicodeCharacter 


! Package inputenc Error: Unicode character ä¸€ (U+4E00)
(inputenc)                not set up for use with LaTeX.

See the inputenc package documentation for explanation.
Type  H <return>  for immediate help.
 ...                                              
                                                  
l.10 å››å…ƒæ•°ä½œä¸ºä¸€
                       ç§æ•°å­¦æ•°å­¦æ–¹æ³•åœ¨å¤„ç†ä¸‰ç»´ï¼Œå››ç»´æ•°æ®æ–...

You may provide a definition with
\DeclareUnicodeCharacter 


! Package inputenc Error: Unicode character ç§ (U+79CD)
(inputenc)                not set up for use with LaTeX.

See the inputenc package documentation for explanation.
Type  H <return>  for immediate help.
 ...                                              
                                                  
l.10 å››å…ƒæ•°ä½œä¸ºä¸€ç§
                          æ•°å­¦æ•°å­¦æ–¹æ³•åœ¨å¤„ç†ä¸‰ç»´ï¼Œå››ç»´æ•°æ®æ–...

You may provide a definition with
\DeclareUnicodeCharacter 


! Package inputenc Error: Unicode character æ•° (U+6570)
(inputenc)                not set up for use with LaTeX.

See the inputenc package documentation for explanation.
Type  H <return>  for immediate help.
 ...                                              
                                                  
l.10 å››å…ƒæ•°ä½œä¸ºä¸€ç§æ•°
                             å­¦æ•°å­¦æ–¹æ³•åœ¨å¤„ç†ä¸‰ç»´ï¼Œå››ç»´æ•°æ®æ–...

You may provide a definition with
\DeclareUnicodeCharacter 


! Package inputenc Error: Unicode character å­¦ (U+5B66)
(inputenc)                not set up for use with LaTeX.

See the inputenc package documentation for explanation.
Type  H <return>  for immediate help.
 ...                                              
                                                  
l.10 å››å…ƒæ•°ä½œä¸ºä¸€ç§æ•°å­¦
                                æ•°å­¦æ–¹æ³•åœ¨å¤„ç†ä¸‰ç»´ï¼Œå››ç»´æ•°æ®æ–...

You may provide a definition with
\DeclareUnicodeCharacter 


! Package inputenc Error: Unicode character æ•° (U+6570)
(inputenc)                not set up for use with LaTeX.

See the inputenc package documentation for explanation.
Type  H <return>  for immediate help.
 ...                                              
                                                  
l.10 å››å…ƒæ•°ä½œä¸ºä¸€ç§æ•°å­¦æ•°
                                   å­¦æ–¹æ³•åœ¨å¤„ç†ä¸‰ç»´ï¼Œå››ç»´æ•°æ®æ–...

You may provide a definition with
\DeclareUnicodeCharacter 


! Package inputenc Error: Unicode character å­¦ (U+5B66)
(inputenc)                not set up for use with LaTeX.

See the inputenc package documentation for explanation.
Type  H <return>  for immediate help.
 ...                                              
                                                  
l.10 å››å…ƒæ•°ä½œä¸ºä¸€ç§æ•°å­¦æ•°å­¦
                                      æ–¹æ³•åœ¨å¤„ç†ä¸‰ç»´ï¼Œå››ç»´æ•°æ®æ–...

You may provide a definition with
\DeclareUnicodeCharacter 


! Package inputenc Error: Unicode character æ–¹ (U+65B9)
(inputenc)                not set up for use with LaTeX.

See the inputenc package documentation for explanation.
Type  H <return>  for immediate help.
 ...                                              
                                                  
l.10 å››å…ƒæ•°ä½œä¸ºä¸€ç§æ•°å­¦æ•°å­¦æ–¹
                                         æ³•åœ¨å¤„ç†ä¸‰ç»´ï¼Œå››ç»´æ•°æ®æ–...

You may provide a definition with
\DeclareUnicodeCharacter 


! Package inputenc Error: Unicode character æ³• (U+6CD5)
(inputenc)                not set up for use with LaTeX.

See the inputenc package documentation for explanation.
Type  H <return>  for immediate help.
 ...                                              
                                                  
l.10 å››å…ƒæ•°ä½œä¸ºä¸€ç§æ•°å­¦æ•°å­¦æ–¹æ³•
                                            åœ¨å¤„ç†ä¸‰ç»´ï¼Œå››ç»´æ•°æ®æ–...

You may provide a definition with
\DeclareUnicodeCharacter 


! Package inputenc Error: Unicode character åœ¨ (U+5728)
(inputenc)                not set up for use with LaTeX.

See the inputenc package documentation for explanation.
Type  H <return>  for immediate help.
 ...                                              
                                                  
l.10 å››å…ƒæ•°ä½œä¸ºä¸€ç§æ•°å­¦æ•°å­¦æ–¹æ³•åœ¨
                                               å¤„ç†ä¸‰ç»´ï¼Œå››ç»´æ•°æ®æ–...

You may provide a definition with
\DeclareUnicodeCharacter 


! Package inputenc Error: Unicode character å¤„ (U+5904)
(inputenc)                not set up for use with LaTeX.

See the inputenc package documentation for explanation.
Type  H <return>  for immediate help.
 ...                                              
                                                  
l.10 å››å…ƒæ•°ä½œä¸ºä¸€ç§æ•°å­¦æ•°å­¦æ–¹æ³•åœ¨å¤„
                                                  ç†ä¸‰ç»´ï¼Œå››ç»´æ•°æ®æ–...

You may provide a definition with
\DeclareUnicodeCharacter 


! Package inputenc Error: Unicode character ç† (U+7406)
(inputenc)                not set up for use with LaTeX.

See the inputenc package documentation for explanation.
Type  H <return>  for immediate help.
 ...                                              
                                                  
l.10 ...æ•°ä½œä¸ºä¸€ç§æ•°å­¦æ•°å­¦æ–¹æ³•åœ¨å¤„ç†
                                                  ä¸‰ç»´ï¼Œå››ç»´æ•°æ®æ–¹é...

You may provide a definition with
\DeclareUnicodeCharacter 


! Package inputenc Error: Unicode character ä¸‰ (U+4E09)
(inputenc)                not set up for use with LaTeX.

See the inputenc package documentation for explanation.
Type  H <return>  for immediate help.
 ...                                              
                                                  
l.10 ...ä½œä¸ºä¸€ç§æ•°å­¦æ•°å­¦æ–¹æ³•åœ¨å¤„ç†ä¸‰
                                                  ç»´ï¼Œå››ç»´æ•°æ®æ–¹é¢æœ...

You may provide a definition with
\DeclareUnicodeCharacter 


! Package inputenc Error: Unicode character ç»´ (U+7EF4)
(inputenc)                not set up for use with LaTeX.

See the inputenc package documentation for explanation.
Type  H <return>  for immediate help.
 ...                                              
                                                  
l.10 ...ä¸ºä¸€ç§æ•°å­¦æ•°å­¦æ–¹æ³•åœ¨å¤„ç†ä¸‰ç»´
                                                  ï¼Œå››ç»´æ•°æ®æ–¹é¢æœ‰å¾...

You may provide a definition with
\DeclareUnicodeCharacter 


! Package inputenc Error: Unicode character ï¼Œ (U+FF0C)
(inputenc)                not set up for use with LaTeX.

See the inputenc package documentation for explanation.
Type  H <return>  for immediate help.
 ...                                              
                                                  
l.10 ...ä¸€ç§æ•°å­¦æ•°å­¦æ–¹æ³•åœ¨å¤„ç†ä¸‰ç»´ï¼Œ
                                                  å››ç»´æ•°æ®æ–¹é¢æœ‰å¾ˆå¤...

You may provide a definition with
\DeclareUnicodeCharacter 


! Package inputenc Error: Unicode character å›› (U+56DB)
(inputenc)                not set up for use with LaTeX.

See the inputenc package documentation for explanation.
Type  H <return>  for immediate help.
 ...                                              
                                                  
l.10 ...ç§æ•°å­¦æ•°å­¦æ–¹æ³•åœ¨å¤„ç†ä¸‰ç»´ï¼Œå››
                                                  ç»´æ•°æ®æ–¹é¢æœ‰å¾ˆå¤§çš...

You may provide a definition with
\DeclareUnicodeCharacter 


! Package inputenc Error: Unicode character ç»´ (U+7EF4)
(inputenc)                not set up for use with LaTeX.

See the inputenc package documentation for explanation.
Type  H <return>  for immediate help.
 ...                                              
                                                  
l.10 ...æ•°å­¦æ•°å­¦æ–¹æ³•åœ¨å¤„ç†ä¸‰ç»´ï¼Œå››ç»´
                                                  æ•°æ®æ–¹é¢æœ‰å¾ˆå¤§çš„ä¼...

You may provide a definition with
\DeclareUnicodeCharacter 


! Package inputenc Error: Unicode character æ•° (U+6570)
(inputenc)                not set up for use with LaTeX.

See the inputenc package documentation for explanation.
Type  H <return>  for immediate help.
 ...                                              
                                                  
l.10 ...å­¦æ•°å­¦æ–¹æ³•åœ¨å¤„ç†ä¸‰ç»´ï¼Œå››ç»´æ•°
                                                  æ®æ–¹é¢æœ‰å¾ˆå¤§çš„ä¼˜åŠ...

You may provide a definition with
\DeclareUnicodeCharacter 


! Package inputenc Error: Unicode character æ® (U+636E)
(inputenc)                not set up for use with LaTeX.

See the inputenc package documentation for explanation.
Type  H <return>  for immediate help.
 ...                                              
                                                  
l.10 ...æ•°å­¦æ–¹æ³•åœ¨å¤„ç†ä¸‰ç»´ï¼Œå››ç»´æ•°æ®
                                                  æ–¹é¢æœ‰å¾ˆå¤§çš„ä¼˜åŠ¿ã€...

You may provide a definition with
\DeclareUnicodeCharacter 


! Package inputenc Error: Unicode character æ–¹ (U+65B9)
(inputenc)                not set up for use with LaTeX.

See the inputenc package documentation for explanation.
Type  H <return>  for immediate help.
 ...                                              
                                                  
l.10 ...å­¦æ–¹æ³•åœ¨å¤„ç†ä¸‰ç»´ï¼Œå››ç»´æ•°æ®æ–¹
                                                  é¢æœ‰å¾ˆå¤§çš„ä¼˜åŠ¿ã€‚æˆ...

You may provide a definition with
\DeclareUnicodeCharacter 


! Package inputenc Error: Unicode character é¢ (U+9762)
(inputenc)                not set up for use with LaTeX.

See the inputenc package documentation for explanation.
Type  H <return>  for immediate help.
 ...                                              
                                                  
l.10 ...æ–¹æ³•åœ¨å¤„ç†ä¸‰ç»´ï¼Œå››ç»´æ•°æ®æ–¹é¢
                                                  æœ‰å¾ˆå¤§çš„ä¼˜åŠ¿ã€‚æˆ‘ä»...

You may provide a definition with
\DeclareUnicodeCharacter 


! Package inputenc Error: Unicode character æœ‰ (U+6709)
(inputenc)                not set up for use with LaTeX.

See the inputenc package documentation for explanation.
Type  H <return>  for immediate help.
 ...                                              
                                                  
l.10 ...æ³•åœ¨å¤„ç†ä¸‰ç»´ï¼Œå››ç»´æ•°æ®æ–¹é¢æœ‰
                                                  å¾ˆå¤§çš„ä¼˜åŠ¿ã€‚æˆ‘ä»¬å...

You may provide a definition with
\DeclareUnicodeCharacter 


! Package inputenc Error: Unicode character å¾ˆ (U+5F88)
(inputenc)                not set up for use with LaTeX.

See the inputenc package documentation for explanation.
Type  H <return>  for immediate help.
 ...                                              
                                                  
l.10 ...åœ¨å¤„ç†ä¸‰ç»´ï¼Œå››ç»´æ•°æ®æ–¹é¢æœ‰å¾ˆ
                                                  å¤§çš„ä¼˜åŠ¿ã€‚æˆ‘ä»¬å¯ä»...

You may provide a definition with
\DeclareUnicodeCharacter 


! Package inputenc Error: Unicode character å¤§ (U+5927)
(inputenc)                not set up for use with LaTeX.

See the inputenc package documentation for explanation.
Type  H <return>  for immediate help.
 ...                                              
                                                  
l.10 ...å¤„ç†ä¸‰ç»´ï¼Œå››ç»´æ•°æ®æ–¹é¢æœ‰å¾ˆå¤§
                                                  çš„ä¼˜åŠ¿ã€‚æˆ‘ä»¬å¯ä»¥è¿...

You may provide a definition with
\DeclareUnicodeCharacter 


! Package inputenc Error: Unicode character çš„ (U+7684)
(inputenc)                not set up for use with LaTeX.

See the inputenc package documentation for explanation.
Type  H <return>  for immediate help.
 ...                                              
                                                  
l.10 ...ç†ä¸‰ç»´ï¼Œå››ç»´æ•°æ®æ–¹é¢æœ‰å¾ˆå¤§çš„
                                                  ä¼˜åŠ¿ã€‚æˆ‘ä»¬å¯ä»¥è¿™æ ...

You may provide a definition with
\DeclareUnicodeCharacter 


! Package inputenc Error: Unicode character ä¼˜ (U+4F18)
(inputenc)                not set up for use with LaTeX.

See the inputenc package documentation for explanation.
Type  H <return>  for immediate help.
 ...                                              
                                                  
l.10 ...ä¸‰ç»´ï¼Œå››ç»´æ•°æ®æ–¹é¢æœ‰å¾ˆå¤§çš„ä¼˜
                                                  åŠ¿ã€‚æˆ‘ä»¬å¯ä»¥è¿™æ ·åš
You may provide a definition with
\DeclareUnicodeCharacter 


! Package inputenc Error: Unicode character åŠ¿ (U+52BF)
(inputenc)                not set up for use with LaTeX.

See the inputenc package documentation for explanation.
Type  H <return>  for immediate help.
 ...                                              
                                                  
l.10 ...ç»´ï¼Œå››ç»´æ•°æ®æ–¹é¢æœ‰å¾ˆå¤§çš„ä¼˜åŠ¿
                                                  ã€‚æˆ‘ä»¬å¯ä»¥è¿™æ ·åš
You may provide a definition with
\DeclareUnicodeCharacter 


! Package inputenc Error: Unicode character ã€‚ (U+3002)
(inputenc)                not set up for use with LaTeX.

See the inputenc package documentation for explanation.
Type  H <return>  for immediate help.
 ...                                              
                                                  
l.10 ...ï¼Œå››ç»´æ•°æ®æ–¹é¢æœ‰å¾ˆå¤§çš„ä¼˜åŠ¿ã€‚
                                                  æˆ‘ä»¬å¯ä»¥è¿™æ ·åš
You may provide a definition with
\DeclareUnicodeCharacter 


! Package inputenc Error: Unicode character æˆ‘ (U+6211)
(inputenc)                not set up for use with LaTeX.

See the inputenc package documentation for explanation.
Type  H <return>  for immediate help.
 ...                                              
                                                  
l.10 ...å››ç»´æ•°æ®æ–¹é¢æœ‰å¾ˆå¤§çš„ä¼˜åŠ¿ã€‚æˆ‘
                                                  ä»¬å¯ä»¥è¿™æ ·åš
You may provide a definition with
\DeclareUnicodeCharacter 


! Package inputenc Error: Unicode character ä»¬ (U+4EEC)
(inputenc)                not set up for use with LaTeX.

See the inputenc package documentation for explanation.
Type  H <return>  for immediate help.
 ...                                              
                                                  
l.10 ...ç»´æ•°æ®æ–¹é¢æœ‰å¾ˆå¤§çš„ä¼˜åŠ¿ã€‚æˆ‘ä»¬
                                                  å¯ä»¥è¿™æ ·åš
You may provide a definition with
\DeclareUnicodeCharacter 


! Package inputenc Error: Unicode character å¯ (U+53EF)
(inputenc)                not set up for use with LaTeX.

See the inputenc package documentation for explanation.
Type  H <return>  for immediate help.
 ...                                              
                                                  
l.10 ...æ•°æ®æ–¹é¢æœ‰å¾ˆå¤§çš„ä¼˜åŠ¿ã€‚æˆ‘ä»¬å¯
                                                  ä»¥è¿™æ ·åš
You may provide a definition with
\DeclareUnicodeCharacter 


! Package inputenc Error: Unicode character ä»¥ (U+4EE5)
(inputenc)                not set up for use with LaTeX.

See the inputenc package documentation for explanation.
Type  H <return>  for immediate help.
 ...                                              
                                                  
l.10 ...æ®æ–¹é¢æœ‰å¾ˆå¤§çš„ä¼˜åŠ¿ã€‚æˆ‘ä»¬å¯ä»¥
                                                  è¿™æ ·åš
You may provide a definition with
\DeclareUnicodeCharacter 


! Package inputenc Error: Unicode character è¿™ (U+8FD9)
(inputenc)                not set up for use with LaTeX.

See the inputenc package documentation for explanation.
Type  H <return>  for immediate help.
 ...                                              
                                                  
l.10 ...æ–¹é¢æœ‰å¾ˆå¤§çš„ä¼˜åŠ¿ã€‚æˆ‘ä»¬å¯ä»¥è¿™
                                                  æ ·åš
You may provide a definition with
\DeclareUnicodeCharacter 


! Package inputenc Error: Unicode character æ · (U+6837)
(inputenc)                not set up for use with LaTeX.

See the inputenc package documentation for explanation.
Type  H <return>  for immediate help.
 ...                                              
                                                  
l.10 ...é¢æœ‰å¾ˆå¤§çš„ä¼˜åŠ¿ã€‚æˆ‘ä»¬å¯ä»¥è¿™æ ·
                                                  åš
You may provide a definition with
\DeclareUnicodeCharacter 


! Package inputenc Error: Unicode character åš (U+505A)
(inputenc)                not set up for use with LaTeX.

See the inputenc package documentation for explanation.
Type  H <return>  for immediate help.
 ...                                              
                                                  
l.10 ...æœ‰å¾ˆå¤§çš„ä¼˜åŠ¿ã€‚æˆ‘ä»¬å¯ä»¥è¿™æ ·åš
                                                  
You may provide a definition with
\DeclareUnicodeCharacter 


! LaTeX Error: Missing \begin{document}.

See the LaTeX manual or LaTeX Companion for explanation.
Type  H <return>  for immediate help.
 ...                                              
                                                  
l.16 \noindent
              {\textbf{å…³é”®è¯ï¼š}
You're in trouble here.  Try typing  <return>  to proceed.
If that doesn't work, type  X <return>  to quit.


! Package inputenc Error: Unicode character å…³ (U+5173)
(inputenc)                not set up for use with LaTeX.

See the inputenc package documentation for explanation.
Type  H <return>  for immediate help.
 ...                                              
                                                  
l.16 \noindent{\textbf{å…³é”®è¯ï¼š}
                                    
You may provide a definition with
\DeclareUnicodeCharacter 


! Package inputenc Error: Unicode character é”® (U+952E)
(inputenc)                not set up for use with LaTeX.

See the inputenc package documentation for explanation.
Type  H <return>  for immediate help.
 ...                                              
                                                  
l.16 \noindent{\textbf{å…³é”®è¯ï¼š}
                                    
You may provide a definition with
\DeclareUnicodeCharacter 


! Package inputenc Error: Unicode character è¯ (U+8BCD)
(inputenc)                not set up for use with LaTeX.

See the inputenc package documentation for explanation.
Type  H <return>  for immediate help.
 ...                                              
                                                  
l.16 \noindent{\textbf{å…³é”®è¯ï¼š}
                                    
You may provide a definition with
\DeclareUnicodeCharacter 


! Package inputenc Error: Unicode character ï¼š (U+FF1A)
(inputenc)                not set up for use with LaTeX.

See the inputenc package documentation for explanation.
Type  H <return>  for immediate help.
 ...                                              
                                                  
l.16 \noindent{\textbf{å…³é”®è¯ï¼š}
                                    
You may provide a definition with
\DeclareUnicodeCharacter 


! Package inputenc Error: Unicode character æ—  (U+65E0)
(inputenc)                not set up for use with LaTeX.

See the inputenc package documentation for explanation.
Type  H <return>  for immediate help.
 ...                                              
                                                  
l.17 æ— 
        ç•Œæ—¶æ»ï¼›ç¨³å®šæ€§ï¼›çŸ©é˜µä¸ç­‰å¼ï¼›æ¨¡ä¸ç­‰å¼
You may provide a definition with
\DeclareUnicodeCharacter 


! Package inputenc Error: Unicode character ç•Œ (U+754C)
(inputenc)                not set up for use with LaTeX.

See the inputenc package documentation for explanation.
Type  H <return>  for immediate help.
 ...                                              
                                                  
l.17 æ— ç•Œ
           æ—¶æ»ï¼›ç¨³å®šæ€§ï¼›çŸ©é˜µä¸ç­‰å¼ï¼›æ¨¡ä¸ç­‰å¼
You may provide a definition with
\DeclareUnicodeCharacter 


! Package inputenc Error: Unicode character æ—¶ (U+65F6)
(inputenc)                not set up for use with LaTeX.

See the inputenc package documentation for explanation.
Type  H <return>  for immediate help.
 ...                                              
                                                  
l.17 æ— ç•Œæ—¶
              æ»ï¼›ç¨³å®šæ€§ï¼›çŸ©é˜µä¸ç­‰å¼ï¼›æ¨¡ä¸ç­‰å¼
You may provide a definition with
\DeclareUnicodeCharacter 


! Package inputenc Error: Unicode character æ» (U+6EDE)
(inputenc)                not set up for use with LaTeX.

See the inputenc package documentation for explanation.
Type  H <return>  for immediate help.
 ...                                              
                                                  
l.17 æ— ç•Œæ—¶æ»
                 ï¼›ç¨³å®šæ€§ï¼›çŸ©é˜µä¸ç­‰å¼ï¼›æ¨¡ä¸ç­‰å¼
You may provide a definition with
\DeclareUnicodeCharacter 


! Package inputenc Error: Unicode character ï¼› (U+FF1B)
(inputenc)                not set up for use with LaTeX.

See the inputenc package documentation for explanation.
Type  H <return>  for immediate help.
 ...                                              
                                                  
l.17 æ— ç•Œæ—¶æ»ï¼›
                    ç¨³å®šæ€§ï¼›çŸ©é˜µä¸ç­‰å¼ï¼›æ¨¡ä¸ç­‰å¼
You may provide a definition with
\DeclareUnicodeCharacter 


! Package inputenc Error: Unicode character ç¨³ (U+7A33)
(inputenc)                not set up for use with LaTeX.

See the inputenc package documentation for explanation.
Type  H <return>  for immediate help.
 ...                                              
                                                  
l.17 æ— ç•Œæ—¶æ»ï¼›ç¨³
                       å®šæ€§ï¼›çŸ©é˜µä¸ç­‰å¼ï¼›æ¨¡ä¸ç­‰å¼
You may provide a definition with
\DeclareUnicodeCharacter 


! Package inputenc Error: Unicode character å®š (U+5B9A)
(inputenc)                not set up for use with LaTeX.

See the inputenc package documentation for explanation.
Type  H <return>  for immediate help.
 ...                                              
                                                  
l.17 æ— ç•Œæ—¶æ»ï¼›ç¨³å®š
                          æ€§ï¼›çŸ©é˜µä¸ç­‰å¼ï¼›æ¨¡ä¸ç­‰å¼
You may provide a definition with
\DeclareUnicodeCharacter 


! Package inputenc Error: Unicode character æ€§ (U+6027)
(inputenc)                not set up for use with LaTeX.

See the inputenc package documentation for explanation.
Type  H <return>  for immediate help.
 ...                                              
                                                  
l.17 æ— ç•Œæ—¶æ»ï¼›ç¨³å®šæ€§
                             ï¼›çŸ©é˜µä¸ç­‰å¼ï¼›æ¨¡ä¸ç­‰å¼
You may provide a definition with
\DeclareUnicodeCharacter 


! Package inputenc Error: Unicode character ï¼› (U+FF1B)
(inputenc)                not set up for use with LaTeX.

See the inputenc package documentation for explanation.
Type  H <return>  for immediate help.
 ...                                              
                                                  
l.17 æ— ç•Œæ—¶æ»ï¼›ç¨³å®šæ€§ï¼›
                                çŸ©é˜µä¸ç­‰å¼ï¼›æ¨¡ä¸ç­‰å¼
You may provide a definition with
\DeclareUnicodeCharacter 


! Package inputenc Error: Unicode character çŸ© (U+77E9)
(inputenc)                not set up for use with LaTeX.

See the inputenc package documentation for explanation.
Type  H <return>  for immediate help.
 ...                                              
                                                  
l.17 æ— ç•Œæ—¶æ»ï¼›ç¨³å®šæ€§ï¼›çŸ©
                                   é˜µä¸ç­‰å¼ï¼›æ¨¡ä¸ç­‰å¼
You may provide a definition with
\DeclareUnicodeCharacter 


! Package inputenc Error: Unicode character é˜µ (U+9635)
(inputenc)                not set up for use with LaTeX.

See the inputenc package documentation for explanation.
Type  H <return>  for immediate help.
 ...                                              
                                                  
l.17 æ— ç•Œæ—¶æ»ï¼›ç¨³å®šæ€§ï¼›çŸ©é˜µ
                                      ä¸ç­‰å¼ï¼›æ¨¡ä¸ç­‰å¼
You may provide a definition with
\DeclareUnicodeCharacter 


! Package inputenc Error: Unicode character ä¸ (U+4E0D)
(inputenc)                not set up for use with LaTeX.

See the inputenc package documentation for explanation.
Type  H <return>  for immediate help.
 ...                                              
                                                  
l.17 æ— ç•Œæ—¶æ»ï¼›ç¨³å®šæ€§ï¼›çŸ©é˜µä¸
                                         ç­‰å¼ï¼›æ¨¡ä¸ç­‰å¼
You may provide a definition with
\DeclareUnicodeCharacter 


! Package inputenc Error: Unicode character ç­‰ (U+7B49)
(inputenc)                not set up for use with LaTeX.

See the inputenc package documentation for explanation.
Type  H <return>  for immediate help.
 ...                                              
                                                  
l.17 æ— ç•Œæ—¶æ»ï¼›ç¨³å®šæ€§ï¼›çŸ©é˜µä¸ç­‰
                                            å¼ï¼›æ¨¡ä¸ç­‰å¼
You may provide a definition with
\DeclareUnicodeCharacter 


! Package inputenc Error: Unicode character å¼ (U+5F0F)
(inputenc)                not set up for use with LaTeX.

See the inputenc package documentation for explanation.
Type  H <return>  for immediate help.
 ...                                              
                                                  
l.17 æ— ç•Œæ—¶æ»ï¼›ç¨³å®šæ€§ï¼›çŸ©é˜µä¸ç­‰å¼
                                               ï¼›æ¨¡ä¸ç­‰å¼
You may provide a definition with
\DeclareUnicodeCharacter 


! Package inputenc Error: Unicode character ï¼› (U+FF1B)
(inputenc)                not set up for use with LaTeX.

See the inputenc package documentation for explanation.
Type  H <return>  for immediate help.
 ...                                              
                                                  
l.17 æ— ç•Œæ—¶æ»ï¼›ç¨³å®šæ€§ï¼›çŸ©é˜µä¸ç­‰å¼ï¼›
                                                  æ¨¡ä¸ç­‰å¼
You may provide a definition with
\DeclareUnicodeCharacter 


! Package inputenc Error: Unicode character æ¨¡ (U+6A21)
(inputenc)                not set up for use with LaTeX.

See the inputenc package documentation for explanation.
Type  H <return>  for immediate help.
 ...                                              
                                                  
l.17 ...æ—¶æ»ï¼›ç¨³å®šæ€§ï¼›çŸ©é˜µä¸ç­‰å¼ï¼›æ¨¡
                                                  ä¸ç­‰å¼
You may provide a definition with
\DeclareUnicodeCharacter 


! Package inputenc Error: Unicode character ä¸ (U+4E0D)
(inputenc)                not set up for use with LaTeX.

See the inputenc package documentation for explanation.
Type  H <return>  for immediate help.
 ...                                              
                                                  
l.17 ...æ»ï¼›ç¨³å®šæ€§ï¼›çŸ©é˜µä¸ç­‰å¼ï¼›æ¨¡ä¸
                                                  ç­‰å¼
You may provide a definition with
\DeclareUnicodeCharacter 


! Package inputenc Error: Unicode character ç­‰ (U+7B49)
(inputenc)                not set up for use with LaTeX.

See the inputenc package documentation for explanation.
Type  H <return>  for immediate help.
 ...                                              
                                                  
l.17 ...ï¼›ç¨³å®šæ€§ï¼›çŸ©é˜µä¸ç­‰å¼ï¼›æ¨¡ä¸ç­‰
                                                  å¼
You may provide a definition with
\DeclareUnicodeCharacter 


! Package inputenc Error: Unicode character å¼ (U+5F0F)
(inputenc)                not set up for use with LaTeX.

See the inputenc package documentation for explanation.
Type  H <return>  for immediate help.
 ...                                              
                                                  
l.17 ...ç¨³å®šæ€§ï¼›çŸ©é˜µä¸ç­‰å¼ï¼›æ¨¡ä¸ç­‰å¼
                                                  
You may provide a definition with
\DeclareUnicodeCharacter 

)
! Emergency stop.
<*> cnabstract.tex
                  
*** (job aborted, no legal \end found)

 
Here is how much of TeX's memory you used:
 62 strings out of 492623
 490 string characters out of 6129531
 58064 words of memory out of 5000000
 4074 multiletter control sequences out of 15000+600000
 3948 words of font info for 15 fonts, out of 8000000 for 9000
 1141 hyphenation exceptions out of 8191
 13i,1n,13p,141b,76s stack positions out of 5000i,500n,10000p,200000b,80000s
!  ==> Fatal error occurred, no output PDF file produced!
